mode: set
github.com/jooseppi-luna/golang-practice/pkg/largest_smallest_unsorted_arr/solution.go:3.55,6.27 3 1
github.com/jooseppi-luna/golang-practice/pkg/largest_smallest_unsorted_arr/solution.go:6.27,7.21 1 1
github.com/jooseppi-luna/golang-practice/pkg/largest_smallest_unsorted_arr/solution.go:7.21,9.4 1 1
github.com/jooseppi-luna/golang-practice/pkg/largest_smallest_unsorted_arr/solution.go:10.3,10.22 1 1
github.com/jooseppi-luna/golang-practice/pkg/largest_smallest_unsorted_arr/solution.go:10.22,12.4 1 1
github.com/jooseppi-luna/golang-practice/pkg/largest_smallest_unsorted_arr/solution.go:15.2,15.26 1 1
