mode: set
github.com/jooseppi-luna/golang-practice/pkg/summed_pairs/solution.go:9.49,18.19 5 1
github.com/jooseppi-luna/golang-practice/pkg/summed_pairs/solution.go:18.19,20.21 2 1
github.com/jooseppi-luna/golang-practice/pkg/summed_pairs/solution.go:20.21,27.4 3 1
github.com/jooseppi-luna/golang-practice/pkg/summed_pairs/solution.go:27.9,27.27 1 1
github.com/jooseppi-luna/golang-practice/pkg/summed_pairs/solution.go:27.27,29.4 1 1
github.com/jooseppi-luna/golang-practice/pkg/summed_pairs/solution.go:29.9,31.4 1 1
github.com/jooseppi-luna/golang-practice/pkg/summed_pairs/solution.go:34.2,34.14 1 1
